SF:lib\src\data\source\counter_local_data_source.dart
DA:2,0
DA:4,0
DA:7,0
LF:3
LH:0
end_of_record
SF:lib\src\domain\usecase\increment_counter_usecase.dart
DA:9,1
DA:11,1
DA:12,2
LF:3
LH:3
end_of_record
SF:lib\src\data\repository\counter_repository_impl.dart
DA:10,1
DA:12,1
DA:15,2
DA:16,1
DA:17,1
LF:5
LH:5
end_of_record
SF:lib\src\presentation\cubit\counter_cubit.dart
DA:9,1
DA:10,1
DA:13,1
DA:14,2
DA:15,1
DA:16,4
DA:17,3
LF:7
LH:7
end_of_record
SF:lib\src\core\utils\failure.dart
DA:2,1
DA:6,1
DA:7,1
DA:11,0
DA:15,0
DA:19,1
DA:23,0
DA:27,0
LF:8
LH:4
end_of_record
